<?xml version="1.0" encoding="UTF-8"?>
<!-- Generated by org.testng.reporters.JUnitReportReporter -->
<testsuite hostname="LAPTOP-0D5C126J" failures="0" tests="2" name="secondmvnproject.ElectronicsTest" time="0.006" errors="0" timestamp="2021-04-23T19:44:52 IST" skipped="0">
  <testcase classname="secondmvnproject.ElectronicsTest" name="radio" time="0.001"/>
  <system-out/>
  <testcase classname="secondmvnproject.ElectronicsTest" name="mobile" time="0.005"/>
  <system-out/>
</testsuite> <!-- secondmvnproject.ElectronicsTest -->
