<?xml version="1.0" encoding="UTF-8"?>
<!-- Generated by org.testng.reporters.JUnitReportReporter -->
<testsuite hostname="LAPTOP-0D5C126J" failures="0" tests="2" name="secondmvnproject.testTest" time="0.000" errors="0" timestamp="2021-04-25T11:43:22 IST" skipped="0">
  <testcase classname="secondmvnproject.testTest" name="bike" time="0.000"/>
  <system-out/>
  <testcase classname="secondmvnproject.testTest" name="car" time="0.000"/>
  <system-out/>
</testsuite> <!-- secondmvnproject.testTest -->
