<?xml version="1.0" encoding="UTF-8"?>
<!-- Generated by org.testng.reporters.JUnitReportReporter -->
<testsuite hostname="LAPTOP-0D5C126J" failures="0" tests="2" name="secondmvnproject.SportsTest" time="0.002" errors="0" timestamp="2021-04-25T11:44:47 IST" skipped="0">
  <testcase classname="secondmvnproject.SportsTest" name="football" time="0.000"/>
  <system-out/>
  <testcase classname="secondmvnproject.SportsTest" name="cricket" time="0.002"/>
  <system-out/>
</testsuite> <!-- secondmvnproject.SportsTest -->
